Arguments: 
  C:\Program Files\nodejs\node.exe C:\Users\AA\AppData\Roaming\npm\node_modules\yarn\bin\yarn.js add redux react-redux axios redux-thunk

PATH: 
  C:\Python310\Scripts\;C:\Python310\;C:\windows\system32;C:\windows;C:\windows\System32\Wbem;C:\windows\System32\WindowsPowerShell\v1.0\;C:\windows\System32\OpenSSH\;C:\Program Files\Git\cmd;C:\Program Files\nodejs\;C:\ProgramData\chocolatey\bin;C:\Users\AA\AppData\Local\Microsoft\WindowsApps;C:\Users\AA\AppData\Local\Programs\Microsoft VS Code\bin;C:\Users\AA\AppData\Roaming\npm;C:\Users\AA\AppData\Local\GitHubDesktop\bin

Yarn version: 
  1.22.17

Node version: 
  14.18.1

Platform: 
  win32 x64

Trace: 
  Error: getaddrinfo ENOTFOUND registry.yarnpkg.com
      at GetAddrInfoReqWrap.onlookup [as oncomplete] (dns.js:71:26)

npm manifest: 
  {
    "name": "iconic-web-app",
    "version": "0.1.0",
    "private": true,
    "dependencies": {
      "@craco/craco": "^6.4.2",
      "@testing-library/jest-dom": "^5.14.1",
      "@testing-library/react": "^11.2.7",
      "@testing-library/user-event": "^12.8.3",
      "react": "^17.0.2",
      "react-dom": "^17.0.2",
      "react-router-dom": "^6.0.2",
      "react-scripts": "4.0.3",
      "react-slick": "^0.28.1",
      "slick-carousel": "^1.8.1",
      "web-vitals": "^1.1.2"
    },
    "scripts": {
       "start": "craco start",
       "build": "craco build",
       "test": "craco test",
      "eject": "react-scripts eject"
    },
    "eslintConfig": {
      "extends": [
        "react-app",
        "react-app/jest"
      ]
    },
    "browserslist": {
      "production": [
        ">0.2%",
        "not dead",
        "not op_mini all"
      ],
      "development": [
        "last 1 chrome version",
        "last 1 firefox version",
        "last 1 safari version"
      ]
    },
    "devDependencies": {
      "autoprefixer": "^9.8.8",
      "postcss": "^7.0.39",
      "tailwindcss": "npm:@tailwindcss/postcss7-compat@^2.2.17"
    }
  }

yarn manifest: 
  No manifest

Lockfile: 
  No lockfile
